C251 COMPILER V5.60.0,  SEEKFREE_TSL1401                                                   16/03/22  15:38:03  PAGE 1   


C251 COMPILER V5.60.0, COMPILATION OF MODULE SEEKFREE_TSL1401
OBJECT MODULE PLACED IN .\Out_File\SEEKFREE_TSL1401.obj
COMPILER INVOKED BY: D:\Keil_v5\C251\BIN\C251.EXE ..\..\Libraries\seekfree_peripheral\SEEKFREE_TSL1401.c XSMALL INTR2 WA
                    -RNINGLEVEL(3) BROWSE INCDIR(..\..\Libraries\libraries;..\..\Libraries\seekfree_libraries;..\..\Libraries\seekfree_periph
                    -eral;..\CODE;..\USER\inc;..\USER\src;.\Out_File) DEBUG PRINT(.\Out_File\SEEKFREE_TSL1401.lst) TABS(2) OBJECT(.\Out_File\
                    -SEEKFREE_TSL1401.obj) 

stmt  level    source

    1          /********************************************************************************************************
             -*************
    2           * COPYRIGHT NOTICE
    3           * Copyright (c) 2016,逐飞科技
    4           * All rights reserved.
    5           * 技术讨论QQ群：179029047
    6           *
    7           * 以下所有内容版权均属逐飞科技所有，未经允许不得用于商业用途，
    8           * 欢迎各位使用并传播本程序，修改内容时必须保留逐飞科技的版权声明。
    9           *
   10           * @file          SEEKFREE_TSL1401.c
   11           * @brief         红孩儿(线阵CCD)函数库
   12           * @company       成都逐飞科技有限公司
   13           * @author        Go For It(1325536866)
   14           * @version       v1.0
   15           * @Software    IAR 7.2 or MDK 5.17
   16           * @Target core   MK60DN512VLL10
   17           * @Taobao      https://seekfree.taobao.com/
   18           * @date          2016-02-25
   19           * @note  
   20                    TSL1401接线定义：
   21                    ------------------------------------ 
   22                        模块管脚        单片机管脚
   23                        CCD_AO        查看SEEKFREE_TSL1401.h文件中的AD_CHANNEL 宏定义
   24                        CCD_CLK       查看SEEKFREE_TSL1401.h文件中的CCD_CLK_PIN宏定义
   25                        CCD_SI        查看SEEKFREE_TSL1401.h文件中的CCD_SI_PIN 宏定义
   26                    ------------------------------------ 
   27           ********************************************************************************************************
             -************/
   28          
   29          
   30          
   31          #include "SEEKFREE_TSL1401.h"
   32          #include "zf_adc.h"
   33          #include "zf_uart.h"
   34          #include "board.h"
   35          
   36          
   37          uint8 tsl1401_finish_flag;
   38          uint16 ccd_data[128];                           //CCD数据
   39          
   40          //-------------------------------------------------------------------------------------------------------
             -------------
   41          //  @brief      TSL1401线阵CCD初始化
   42          //  @param      NULL
   43          //  @return     void
   44          //  @since      v1.0
   45          //  Sample usage:     
   46          //-------------------------------------------------------------------------------------------------------
             -------------
   47          void ccd_init(void)     
   48          {       
   49   1          adc_init(AD_CHANNEL,0X01);      
   50   1        pit_timer_ms(TIM_4,10);
   51   1      }
   52          
C251 COMPILER V5.60.0,  SEEKFREE_TSL1401                                                   16/03/22  15:38:03  PAGE 2   

   53          //-------------------------------------------------------------------------------------------------------
             -------------
   54          //  @brief      TSL1401线阵CCD图像发送至上位机查看图像
   55          //  @param      uart_n      串口号
   56          //  @param      uart_n      线性CCD数据指针
   57          //  @return     void      
   58          //  @since      v1.0
   59          //  Sample usage:       调用该函数前请先初始化串口
   60          //-------------------------------------------------------------------------------------------------------
             -------------
   61          void ccd_send_data(UARTN_enum uart_n ,uint16 *dat)
   62          {
   63   1         uint8 i = 0;
   64   1         uart_putchar(uart_n,0x00); 
   65   1         uart_putchar(uart_n,0xff);
   66   1         uart_putchar(uart_n,0x01);
   67   1         uart_putchar(uart_n,0x00);
   68   1         
   69   1        for(i=0; i<128; i++)        
   70   1        {
   71   2          uart_putchar(uart_n, (uint8)(dat[i]>>8));   //发送高8位
   72   2          uart_putchar(uart_n, (uint8)(dat[i]&0XFF)); //发送高低8位    
   73   2        }
   74   1      }
   75          
   76          
   77          //-------------------------------------------------------------------------------------------------------
             -------------
   78          //  @brief      TSL1401线阵CCD数据采集
   79          //  @param      NULL
   80          //  @return     void
   81          //  @since      v1.0
   82          //  Sample usage:       在isr.c里面先创建对应的中断函数，然后调用该函数(之后别忘记
             -清除中断标志位)
   83          //-------------------------------------------------------------------------------------------------------
             -------------
   84          void ccd_collect(void)
   85          {
   86   1          uint8 i = 0;
   87   1      
   88   1          CCD_CLK(1);
   89   1          CCD_SI(0);
   90   1        CCD_CLK(0);
   91   1          CCD_SI(1);
   92   1          CCD_CLK(1);
   93   1          CCD_SI(0);
   94   1        
   95   1          for(i=0;i<128;i++)
   96   1          {
   97   2          CCD_CLK(0);  
   98   2          ccd_data[i] = adc_once(AD_CHANNEL, AD_RESOLUTION); 
   99   2          CCD_CLK(1); 
  100   2          }
  101   1        tsl1401_finish_flag = 1;
  102   1      }


Module Information          Static   Overlayable
------------------------------------------------
  code size            =       187     ------
  ecode size           =    ------     ------
  data size            =    ------     ------
  idata size           =    ------     ------
  pdata size           =    ------     ------
  xdata size           =    ------     ------
  xdata-const size     =    ------     ------
  edata size           =       257          3
C251 COMPILER V5.60.0,  SEEKFREE_TSL1401                                                   16/03/22  15:38:03  PAGE 3   

  bit size             =    ------     ------
  ebit size            =    ------     ------
  bitaddressable size  =    ------     ------
  ebitaddressable size =    ------     ------
  far data size        =    ------     ------
  huge data size       =    ------     ------
  const size           =    ------     ------
  hconst size          =    ------     ------
End of Module Information.


C251 COMPILATION COMPLETE.  0 WARNING(S),  0 ERROR(S)
